# JRE version: Java(TM) SE Runtime Environment (8.0_121-b13) (build 1.8.0_121-b13)
# Java VM: Java HotSpot(TM) 64-Bit Server VM (25.121-b13 mixed mode bsd-amd64 compressed oops)
Heap:
 PSYoungGen      total 295424K, used 277828K [0x0000000795580000, 0x00000007a7f00000, 0x00000007c0000000)
  eden space 294400K, 94% used [0x0000000795580000,0x00000007a6410530,0x00000007a7500000)
  from space 1024K, 75% used [0x00000007a7d80000,0x00000007a7e40c20,0x00000007a7e80000)
  to   space 512K, 0% used [0x00000007a7e80000,0x00000007a7e80000,0x00000007a7f00000)
 ParOldGen       total 87552K, used 53460K [0x0000000740000000, 0x0000000745580000, 0x0000000795580000)
  object space 87552K, 61% used [0x0000000740000000,0x0000000743435240,0x0000000745580000)
 Metaspace       used 18293K, capacity 19212K, committed 19328K, reserved 1067008K
  class space    used 2393K, capacity 2585K, committed 2688K, reserved 1048576K
GC Heap History (10 events):
Event: 141,700 GC heap before
{Heap before GC invocations=229 (full 0):
 PSYoungGen      total 147456K, used 147399K [0x0000000795580000, 0x00000007a8000000, 0x00000007c0000000)
  eden space 146944K, 100% used [0x0000000795580000,0x000000079e500000,0x000000079e500000)
  from space 512K, 89% used [0x00000007a7f80000,0x00000007a7ff1f30,0x00000007a8000000)
  to   space 1024K, 0% used [0x00000007a7e00000,0x00000007a7e00000,0x00000007a7f00000)
 ParOldGen       total 87552K, used 53172K [0x0000000740000000, 0x0000000745580000, 0x0000000795580000)
  object space 87552K, 60% used [0x0000000740000000,0x00000007433ed240,0x0000000745580000)
 Metaspace       used 18293K, capacity 19212K, committed 19328K, reserved 1067008K
  class space    used 2393K, capacity 2585K, committed 2688K, reserved 1048576K
Event: 141,703 GC heap after
Heap after GC invocations=229 (full 0):
 PSYoungGen      total 142336K, used 576K [0x0000000795580000, 0x00000007a8000000, 0x00000007c0000000)
  eden space 141312K, 0% used [0x0000000795580000,0x0000000795580000,0x000000079df80000)
  from space 1024K, 56% used [0x00000007a7e00000,0x00000007a7e903a0,0x00000007a7f00000)
  to   space 1024K, 0% used [0x00000007a7f00000,0x00000007a7f00000,0x00000007a8000000)
 ParOldGen       total 87552K, used 53204K [0x0000000740000000, 0x0000000745580000, 0x0000000795580000)
  object space 87552K, 60% used [0x0000000740000000,0x00000007433f5240,0x0000000745580000)
 Metaspace       used 18293K, capacity 19212K, committed 19328K, reserved 1067008K
  class space    used 2393K, capacity 2585K, committed 2688K, reserved 1048576K
}
Event: 142,039 GC heap before
{Heap before GC invocations=230 (full 0):
 PSYoungGen      total 142336K, used 141888K [0x0000000795580000, 0x00000007a8000000, 0x00000007c0000000)
  eden space 141312K, 100% used [0x0000000795580000,0x000000079df80000,0x000000079df80000)
  from space 1024K, 56% used [0x00000007a7e00000,0x00000007a7e903a0,0x00000007a7f00000)
  to   space 1024K, 0% used [0x00000007a7f00000,0x00000007a7f00000,0x00000007a8000000)
 ParOldGen       total 87552K, used 53204K [0x0000000740000000, 0x0000000745580000, 0x0000000795580000)
  object space 87552K, 60% used [0x0000000740000000,0x00000007433f5240,0x0000000745580000)
 Metaspace       used 18293K, capacity 19212K, committed 19328K, reserved 1067008K
  class space    used 2393K, capacity 2585K, committed 2688K, reserved 1048576K
Event: 142,048 GC heap after
Heap after GC invocations=230 (full 0):
 PSYoungGen      total 170496K, used 457K [0x0000000795580000, 0x00000007a7f80000, 0x00000007c0000000)
  eden space 169984K, 0% used [0x0000000795580000,0x0000000795580000,0x000000079fb80000)
  from space 512K, 89% used [0x00000007a7f00000,0x00000007a7f72628,0x00000007a7f80000)
  to   space 1024K, 0% used [0x00000007a7d80000,0x00000007a7d80000,0x00000007a7e80000)
 ParOldGen       total 87552K, used 53236K [0x0000000740000000, 0x0000000745580000, 0x0000000795580000)
  object space 87552K, 60% used [0x0000000740000000,0x00000007433fd240,0x0000000745580000)
 Metaspace       used 18293K, capacity 19212K, committed 19328K, reserved 1067008K
  class space    used 2393K, capacity 2585K, committed 2688K, reserved 1048576K
}
Event: 143,010 GC heap before
{Heap before GC invocations=231 (full 0):
 PSYoungGen      total 170496K, used 170405K [0x0000000795580000, 0x00000007a7f80000, 0x00000007c0000000)
  eden space 169984K, 99% used [0x0000000795580000,0x000000079fb77190,0x000000079fb80000)
  from space 512K, 89% used [0x00000007a7f00000,0x00000007a7f72628,0x00000007a7f80000)
  to   space 1024K, 0% used [0x00000007a7d80000,0x00000007a7d80000,0x00000007a7e80000)
 ParOldGen       total 87552K, used 53236K [0x0000000740000000, 0x0000000745580000, 0x0000000795580000)
  object space 87552K, 60% used [0x0000000740000000,0x00000007433fd240,0x0000000745580000)
 Metaspace       used 18293K, capacity 19212K, committed 19328K, reserved 1067008K
  class space    used 2393K, capacity 2585K, committed 2688K, reserved 1048576K
Event: 143,099 GC heap after
Heap after GC invocations=231 (full 0):
 PSYoungGen      total 205312K, used 522K [0x0000000795580000, 0x00000007a7f80000, 0x00000007c0000000)
  eden space 204288K, 0% used [0x0000000795580000,0x0000000795580000,0x00000007a1d00000)
  from space 1024K, 51% used [0x00000007a7d80000,0x00000007a7e02a38,0x00000007a7e80000)
  to   space 1024K, 0% used [0x00000007a7e80000,0x00000007a7e80000,0x00000007a7f80000)
 ParOldGen       total 87552K, used 53276K [0x0000000740000000, 0x0000000745580000, 0x0000000795580000)
  object space 87552K, 60% used [0x0000000740000000,0x0000000743407240,0x0000000745580000)
 Metaspace       used 18293K, capacity 19212K, committed 19328K, reserved 1067008K
  class space    used 2393K, capacity 2585K, committed 2688K, reserved 1048576K
}
Event: 144,041 GC heap before
{Heap before GC invocations=232 (full 0):
 PSYoungGen      total 205312K, used 204810K [0x0000000795580000, 0x00000007a7f80000, 0x00000007c0000000)
  eden space 204288K, 100% used [0x0000000795580000,0x00000007a1d00000,0x00000007a1d00000)
  from space 1024K, 51% used [0x00000007a7d80000,0x00000007a7e02a38,0x00000007a7e80000)
  to   space 1024K, 0% used [0x00000007a7e80000,0x00000007a7e80000,0x00000007a7f80000)
 ParOldGen       total 87552K, used 53276K [0x0000000740000000, 0x0000000745580000, 0x0000000795580000)
  object space 87552K, 60% used [0x0000000740000000,0x0000000743407240,0x0000000745580000)
 Metaspace       used 18293K, capacity 19212K, committed 19328K, reserved 1067008K
  class space    used 2393K, capacity 2585K, committed 2688K, reserved 1048576K
Event: 144,048 GC heap after
Heap after GC invocations=232 (full 0):
 PSYoungGen      total 246272K, used 523K [0x0000000795580000, 0x00000007a7f80000, 0x00000007c0000000)
  eden space 245248K, 0% used [0x0000000795580000,0x0000000795580000,0x00000007a4500000)
  from space 1024K, 51% used [0x00000007a7e80000,0x00000007a7f02f18,0x00000007a7f80000)
  to   space 1024K, 0% used [0x00000007a7d80000,0x00000007a7d80000,0x00000007a7e80000)
 ParOldGen       total 87552K, used 53356K [0x0000000740000000, 0x0000000745580000, 0x0000000795580000)
  object space 87552K, 60% used [0x0000000740000000,0x000000074341b240,0x0000000745580000)
 Metaspace       used 18293K, capacity 19212K, committed 19328K, reserved 1067008K
  class space    used 2393K, capacity 2585K, committed 2688K, reserved 1048576K
}
Event: 144,554 GC heap before
{Heap before GC invocations=233 (full 0):
 PSYoungGen      total 246272K, used 245771K [0x0000000795580000, 0x00000007a7f80000, 0x00000007c0000000)
  eden space 245248K, 100% used [0x0000000795580000,0x00000007a4500000,0x00000007a4500000)
  from space 1024K, 51% used [0x00000007a7e80000,0x00000007a7f02f18,0x00000007a7f80000)
  to   space 1024K, 0% used [0x00000007a7d80000,0x00000007a7d80000,0x00000007a7e80000)
 ParOldGen       total 87552K, used 53356K [0x0000000740000000, 0x0000000745580000, 0x0000000795580000)
  object space 87552K, 60% used [0x0000000740000000,0x000000074341b240,0x0000000745580000)
 Metaspace       used 18293K, capacity 19212K, committed 19328K, reserved 1067008K
  class space    used 2393K, capacity 2585K, committed 2688K, reserved 1048576K
Event: 144,555 GC heap after
Heap after GC invocations=233 (full 0):
 PSYoungGen      total 295424K, used 771K [0x0000000795580000, 0x00000007a7f00000, 0x00000007c0000000)
  eden space 294400K, 0% used [0x0000000795580000,0x0000000795580000,0x00000007a7500000)
  from space 1024K, 75% used [0x00000007a7d80000,0x00000007a7e40c20,0x00000007a7e80000)
  to   space 512K, 0% used [0x00000007a7e80000,0x00000007a7e80000,0x00000007a7f00000)
 ParOldGen       total 87552K, used 53460K [0x0000000740000000, 0x0000000745580000, 0x0000000795580000)
  object space 87552K, 61% used [0x0000000740000000,0x0000000743435240,0x0000000745580000)
 Metaspace       used 18293K, capacity 19212K, committed 19328K, reserved 1067008K
  class space    used 2393K, capacity 2585K, committed 2688K, reserved 1048576K
}

