# JRE version: Java(TM) SE Runtime Environment (8.0_121-b13) (build 1.8.0_121-b13)
# Java VM: Java HotSpot(TM) 64-Bit Server VM (25.121-b13 mixed mode bsd-amd64 compressed oops)
Heap:
 PSYoungGen      total 25088K, used 20687K [0x0000000795580000, 0x0000000797480000, 0x00000007c0000000)
  eden space 23040K, 83% used [0x0000000795580000,0x0000000796854148,0x0000000796c00000)
  from space 2048K, 68% used [0x0000000796e00000,0x0000000796f5fdd0,0x0000000797000000)
  to   space 2048K, 0% used [0x0000000796c00000,0x0000000796c00000,0x0000000796e00000)
 ParOldGen       total 87552K, used 13156K [0x0000000740000000, 0x0000000745580000, 0x0000000795580000)
  object space 87552K, 15% used [0x0000000740000000,0x0000000740cd92f0,0x0000000745580000)
 Metaspace       used 18438K, capacity 19346K, committed 19584K, reserved 1067008K
  class space    used 2395K, capacity 2586K, committed 2688K, reserved 1048576K
GC Heap History (10 events):
Event: 1710,251 GC heap before
{Heap before GC invocations=82 (full 0):
 PSYoungGen      total 25088K, used 24580K [0x0000000795580000, 0x0000000797000000, 0x00000007c0000000)
  eden space 23040K, 100% used [0x0000000795580000,0x0000000796c00000,0x0000000796c00000)
  from space 2048K, 75% used [0x0000000796c00000,0x0000000796d811e0,0x0000000796e00000)
  to   space 2048K, 0% used [0x0000000796e00000,0x0000000796e00000,0x0000000797000000)
 ParOldGen       total 87552K, used 13092K [0x0000000740000000, 0x0000000745580000, 0x0000000795580000)
  object space 87552K, 14% used [0x0000000740000000,0x0000000740cc92f0,0x0000000745580000)
 Metaspace       used 18434K, capacity 19346K, committed 19584K, reserved 1067008K
  class space    used 2395K, capacity 2586K, committed 2688K, reserved 1048576K
Event: 1710,255 GC heap after
Heap after GC invocations=82 (full 0):
 PSYoungGen      total 25088K, used 952K [0x0000000795580000, 0x0000000797000000, 0x00000007c0000000)
  eden space 23040K, 0% used [0x0000000795580000,0x0000000795580000,0x0000000796c00000)
  from space 2048K, 46% used [0x0000000796e00000,0x0000000796eee318,0x0000000797000000)
  to   space 2048K, 0% used [0x0000000796c00000,0x0000000796c00000,0x0000000796e00000)
 ParOldGen       total 87552K, used 13100K [0x0000000740000000, 0x0000000745580000, 0x0000000795580000)
  object space 87552K, 14% used [0x0000000740000000,0x0000000740ccb2f0,0x0000000745580000)
 Metaspace       used 18434K, capacity 19346K, committed 19584K, reserved 1067008K
  class space    used 2395K, capacity 2586K, committed 2688K, reserved 1048576K
}
Event: 1710,770 GC heap before
{Heap before GC invocations=83 (full 0):
 PSYoungGen      total 25088K, used 23992K [0x0000000795580000, 0x0000000797000000, 0x00000007c0000000)
  eden space 23040K, 100% used [0x0000000795580000,0x0000000796c00000,0x0000000796c00000)
  from space 2048K, 46% used [0x0000000796e00000,0x0000000796eee318,0x0000000797000000)
  to   space 2048K, 0% used [0x0000000796c00000,0x0000000796c00000,0x0000000796e00000)
 ParOldGen       total 87552K, used 13100K [0x0000000740000000, 0x0000000745580000, 0x0000000795580000)
  object space 87552K, 14% used [0x0000000740000000,0x0000000740ccb2f0,0x0000000745580000)
 Metaspace       used 18434K, capacity 19346K, committed 19584K, reserved 1067008K
  class space    used 2395K, capacity 2586K, committed 2688K, reserved 1048576K
Event: 1710,772 GC heap after
Heap after GC invocations=83 (full 0):
 PSYoungGen      total 25088K, used 1340K [0x0000000795580000, 0x0000000797000000, 0x00000007c0000000)
  eden space 23040K, 0% used [0x0000000795580000,0x0000000795580000,0x0000000796c00000)
  from space 2048K, 65% used [0x0000000796c00000,0x0000000796d4f150,0x0000000796e00000)
  to   space 2048K, 0% used [0x0000000796e00000,0x0000000796e00000,0x0000000797000000)
 ParOldGen       total 87552K, used 13108K [0x0000000740000000, 0x0000000745580000, 0x0000000795580000)
  object space 87552K, 14% used [0x0000000740000000,0x0000000740ccd2f0,0x0000000745580000)
 Metaspace       used 18434K, capacity 19346K, committed 19584K, reserved 1067008K
  class space    used 2395K, capacity 2586K, committed 2688K, reserved 1048576K
}
Event: 1711,378 GC heap before
{Heap before GC invocations=84 (full 0):
 PSYoungGen      total 25088K, used 24364K [0x0000000795580000, 0x0000000797000000, 0x00000007c0000000)
  eden space 23040K, 99% used [0x0000000795580000,0x0000000796bfbfb8,0x0000000796c00000)
  from space 2048K, 65% used [0x0000000796c00000,0x0000000796d4f150,0x0000000796e00000)
  to   space 2048K, 0% used [0x0000000796e00000,0x0000000796e00000,0x0000000797000000)
 ParOldGen       total 87552K, used 13108K [0x0000000740000000, 0x0000000745580000, 0x0000000795580000)
  object space 87552K, 14% used [0x0000000740000000,0x0000000740ccd2f0,0x0000000745580000)
 Metaspace       used 18434K, capacity 19346K, committed 19584K, reserved 1067008K
  class space    used 2395K, capacity 2586K, committed 2688K, reserved 1048576K
Event: 1711,392 GC heap after
Heap after GC invocations=84 (full 0):
 PSYoungGen      total 25088K, used 969K [0x0000000795580000, 0x0000000797000000, 0x00000007c0000000)
  eden space 23040K, 0% used [0x0000000795580000,0x0000000795580000,0x0000000796c00000)
  from space 2048K, 47% used [0x0000000796e00000,0x0000000796ef24e0,0x0000000797000000)
  to   space 2048K, 0% used [0x0000000796c00000,0x0000000796c00000,0x0000000796e00000)
 ParOldGen       total 87552K, used 13116K [0x0000000740000000, 0x0000000745580000, 0x0000000795580000)
  object space 87552K, 14% used [0x0000000740000000,0x0000000740ccf2f0,0x0000000745580000)
 Metaspace       used 18434K, capacity 19346K, committed 19584K, reserved 1067008K
  class space    used 2395K, capacity 2586K, committed 2688K, reserved 1048576K
}
Event: 1711,898 GC heap before
{Heap before GC invocations=85 (full 0):
 PSYoungGen      total 25088K, used 23996K [0x0000000795580000, 0x0000000797000000, 0x00000007c0000000)
  eden space 23040K, 99% used [0x0000000795580000,0x0000000796bfcdf8,0x0000000796c00000)
  from space 2048K, 47% used [0x0000000796e00000,0x0000000796ef24e0,0x0000000797000000)
  to   space 2048K, 0% used [0x0000000796c00000,0x0000000796c00000,0x0000000796e00000)
 ParOldGen       total 87552K, used 13116K [0x0000000740000000, 0x0000000745580000, 0x0000000795580000)
  object space 87552K, 14% used [0x0000000740000000,0x0000000740ccf2f0,0x0000000745580000)
 Metaspace       used 18434K, capacity 19346K, committed 19584K, reserved 1067008K
  class space    used 2395K, capacity 2586K, committed 2688K, reserved 1048576K
Event: 1711,900 GC heap after
Heap after GC invocations=85 (full 0):
 PSYoungGen      total 25088K, used 900K [0x0000000795580000, 0x0000000797000000, 0x00000007c0000000)
  eden space 23040K, 0% used [0x0000000795580000,0x0000000795580000,0x0000000796c00000)
  from space 2048K, 43% used [0x0000000796c00000,0x0000000796ce1270,0x0000000796e00000)
  to   space 2048K, 0% used [0x0000000796e00000,0x0000000796e00000,0x0000000797000000)
 ParOldGen       total 87552K, used 13124K [0x0000000740000000, 0x0000000745580000, 0x0000000795580000)
  object space 87552K, 14% used [0x0000000740000000,0x0000000740cd12f0,0x0000000745580000)
 Metaspace       used 18434K, capacity 19346K, committed 19584K, reserved 1067008K
  class space    used 2395K, capacity 2586K, committed 2688K, reserved 1048576K
}
Event: 1712,324 GC heap before
{Heap before GC invocations=86 (full 0):
 PSYoungGen      total 25088K, used 23940K [0x0000000795580000, 0x0000000797000000, 0x00000007c0000000)
  eden space 23040K, 100% used [0x0000000795580000,0x0000000796c00000,0x0000000796c00000)
  from space 2048K, 43% used [0x0000000796c00000,0x0000000796ce1270,0x0000000796e00000)
  to   space 2048K, 0% used [0x0000000796e00000,0x0000000796e00000,0x0000000797000000)
 ParOldGen       total 87552K, used 13124K [0x0000000740000000, 0x0000000745580000, 0x0000000795580000)
  object space 87552K, 14% used [0x0000000740000000,0x0000000740cd12f0,0x0000000745580000)
 Metaspace       used 18434K, capacity 19346K, committed 19584K, reserved 1067008K
  class space    used 2395K, capacity 2586K, committed 2688K, reserved 1048576K
Event: 1712,360 GC heap after
Heap after GC invocations=86 (full 0):
 PSYoungGen      total 25088K, used 1407K [0x0000000795580000, 0x0000000797480000, 0x00000007c0000000)
  eden space 23040K, 0% used [0x0000000795580000,0x0000000795580000,0x0000000796c00000)
  from space 2048K, 68% used [0x0000000796e00000,0x0000000796f5fdd0,0x0000000797000000)
  to   space 2048K, 0% used [0x0000000796c00000,0x0000000796c00000,0x0000000796e00000)
 ParOldGen       total 87552K, used 13156K [0x0000000740000000, 0x0000000745580000, 0x0000000795580000)
  object space 87552K, 15% used [0x0000000740000000,0x0000000740cd92f0,0x0000000745580000)
 Metaspace       used 18434K, capacity 19346K, committed 19584K, reserved 1067008K
  class space    used 2395K, capacity 2586K, committed 2688K, reserved 1048576K
}

